2024.10.24 19:51:04 INFO  Started: Metals version 1.4.0 in folders 'C:\Users\mohsa\Desktop\Github\EchoRelics' for client Visual Studio Code 1.94.2.
2024.10.24 19:51:06 WARN  Flyway upgrade recommended: H2 2.3.232 is newer than this version of Flyway and support has not been tested. The latest supported version of H2 is 2.2.224.
2024.10.24 19:51:06 INFO  Attempting to connect to the build server...
2024.10.24 19:51:06 INFO  Found a Bloop server running
2024.10.24 19:51:07 INFO  tracing is disabled for protocol BSP, to enable tracing of incoming and outgoing JSON messages create an empty file at C:\Users\mohsa\Desktop\Github\EchoRelics\.metals\bsp.trace.json or C:\Users\mohsa\AppData\Local\scalameta\metals\cache\bsp.trace.json
2024.10.24 19:51:07 INFO  time: Connected to build server in 0.97s
2024.10.24 19:51:07 INFO  Connected to Build server: Bloop v2.0.3
2024.10.24 19:51:07 INFO  time: Imported build in 0.12s
2024.10.24 19:51:07 INFO  running doctor check
2024.10.24 19:51:07 INFO  java targets: root, root-test
2024.10.24 19:51:15 WARN  Flyway upgrade recommended: H2 2.3.232 is newer than this version of Flyway and support has not been tested. The latest supported version of H2 is 2.2.224.
2024.10.24 19:51:17 INFO  time: indexed workspace in 9.37s
2024.10.24 19:51:58 INFO  compiling root (16 scala sources)
2024.10.24 19:52:00 INFO  time: compiled root in 1.91s
2024.10.24 19:52:11 INFO  compiling root (13 scala sources)
2024.10.24 19:52:11 INFO  time: compiled root in 0.7s
2024.10.24 19:52:11 INFO  compiling root (13 scala sources)
2024.10.24 19:52:12 INFO  time: compiled root in 0.53s
2024.10.24 19:52:18 INFO  compiling root (13 scala sources)
2024.10.24 19:52:21 INFO  time: compiled root in 3.15s
2024.10.24 19:52:21 INFO  compiling root (3 scala sources)
2024.10.24 19:52:21 INFO  time: compiled root in 0.76s
2024.10.24 19:53:44 INFO  compiling root (3 scala sources)
2024.10.24 19:53:44 INFO  time: compiled root in 0.89s
2024.10.24 19:53:52 INFO  compilation cancelled
2024.10.24 19:53:58 INFO  compiling root (3 scala sources)
2024.10.24 19:53:58 INFO  time: compiled root in 0.79s
2024.10.24 19:57:03 WARN  Invalid text document uri received from build server: file:///C:/Users/mohsa/Desktop/Github/EchoRelics/echo-relics/src/main/scala/com/echorelics/core/Player.scala
2024.10.24 19:57:03 WARN  Invalid text document uri received from build server: file:///C:/Users/mohsa/Desktop/Github/EchoRelics/echo-relics/src/main/scala/com/echorelics/core/Relic.scala
2024.10.24 19:57:03 INFO  time: compiled root in 9ms
2024.10.24 19:57:03 INFO  compiling root-test (5 scala sources)
2024.10.24 19:57:03 INFO  time: compiled root-test in 0.69s
2024.10.24 19:57:05 INFO  compiling root (13 scala sources)
2024.10.24 19:57:07 INFO  time: compiled root in 1.91s
2024.10.24 19:57:07 INFO  compiling root (3 scala sources)
2024.10.24 19:57:07 INFO  time: compiled root in 0.68s
